<?xml version="1.0" encoding="UTF-8"?>
<testsuites name="Functional Test Suites" time="47.829" tests="3" failures="0" errors="0">
   <testsuite name="Functional Test Suites" tests="3" failures="0" errors="0" time="47.829" skipped="0" timestamp="2022-03-13 10:12:07" hostname="bayuwirab - localhost" id="Test Suites/Functional Test Suites">
      <properties>
         <property name="deviceName" value=""/>
         <property name="devicePlatform" value=""/>
         <property name="logFolder" value="/Users/bayuwirab/Katalon Studio/Udemy-Complete-Katalon/Reports/20220313_101155/Functional Test Suites/20220313_101155"/>
         <property name="logFiles" value="/Users/bayuwirab/Katalon Studio/Udemy-Complete-Katalon/Reports/20220313_101155/Functional Test Suites/20220313_101155/execution0.log"/>
         <property name="attachments" value=""/>
         <property name="hostName" value="bayuwirab - localhost"/>
         <property name="os" value="Mac OS X 64bit"/>
         <property name="katalonVersion" value="8.2.5.208"/>
         <property name="browser" value="Safari 15"/>
         <property name="hostAddress" value="127.0.0.1"/>
         <property name="sessionId" value="9E3D9EFC-BDED-470C-8A3F-9E09D4E391A5"/>
         <property name="seleniumVersion" value="3.141.59"/>
         <property name="proxyInformation" value="ProxyInformation { proxyOption=NO_PROXY, proxyServerType=HTTP, username=, password=********, proxyServerAddress=, proxyServerPort=0, executionList=&quot;&quot;, isApplyToDesiredCapabilities=true }"/>
         <property name="platform" value="Mac OS X"/>
      </properties>
      <testcase name="Test Cases/Add Single Product to Cart" time="20.426" classname="Test Cases/Add Single Product to Cart" status="PASSED">
         <system-out><![CDATA[2022-03-13 10:12:08 - [TEST_CASE][PASSED] - Test Cases/Add Single Product to Cart: Test Cases/Add Single Product to Cart

2022-03-13 10:12:08 - [TEST_STEP][PASSED] - openBrowser(""): Browser is opened with url: ''

2022-03-13 10:12:08 - [MESSAGE][INFO] - Starting 'Safari' driver

2022-03-13 10:12:08 - [MESSAGE][INFO] - Action delay is set to 0 milliseconds

2022-03-13 10:12:09 - [MESSAGE][PASSED] - Browser is opened with url: ''

2022-03-13 10:12:09 - [TEST_STEP][PASSED] - maximizeWindow(): Current window maximized

2022-03-13 10:12:09 - [MESSAGE][PASSED] - Current window maximized

2022-03-13 10:12:09 - [TEST_STEP][PASSED] - navigateToUrl("http://automationpractice.com/"): Navigate to 'http://automationpractice.com/' successfully

2022-03-13 10:12:18 - [MESSAGE][PASSED] - Navigate to 'http://automationpractice.com/' successfully

2022-03-13 10:12:18 - [TEST_STEP][PASSED] - click(findTestObject("Home Page/Product Segment/a_Product Blouses")): Object: 'Object Repository/Home Page/Product Segment/a_Product Blouses' is clicked on

2022-03-13 10:12:18 - [MESSAGE][PASSED] - Object: 'Object Repository/Home Page/Product Segment/a_Product Blouses' is clicked on

2022-03-13 10:12:18 - [TEST_STEP][PASSED] - selectOptionByLabel(findTestObject("Product Detail Page/select_Product Size"), "L", false): All options with label 'L' are selected in object 'Object Repository/Product Detail Page/select_Product Size' 

2022-03-13 10:12:21 - [MESSAGE][PASSED] - All options with label 'L' are selected in object 'Object Repository/Product Detail Page/select_Product Size' 

2022-03-13 10:12:21 - [TEST_STEP][PASSED] - click(findTestObject("Product Detail Page/button_Add to cart")): Object: 'Object Repository/Product Detail Page/button_Add to cart' is clicked on

2022-03-13 10:12:21 - [MESSAGE][PASSED] - Object: 'Object Repository/Product Detail Page/button_Add to cart' is clicked on

2022-03-13 10:12:21 - [TEST_STEP][PASSED] - waitForElementVisible(findTestObject("Product Detail Page/button_Proceed to checkout"), 3): Object 'Object Repository/Product Detail Page/button_Proceed to checkout' is visible

2022-03-13 10:12:22 - [MESSAGE][PASSED] - Object 'Object Repository/Product Detail Page/button_Proceed to checkout' is visible

2022-03-13 10:12:22 - [TEST_STEP][PASSED] - click(findTestObject("Product Detail Page/button_Proceed to checkout")): Object: 'Object Repository/Product Detail Page/button_Proceed to checkout' is clicked on

2022-03-13 10:12:25 - [MESSAGE][PASSED] - Object: 'Object Repository/Product Detail Page/button_Proceed to checkout' is clicked on

2022-03-13 10:12:25 - [TEST_STEP][PASSED] - verifyElementText(findTestObject("Order Detail Page/span_Summary Product"), "1 Product"): Actual text and expected text of test object 'Object Repository/Order Detail Page/span_Summary Product' are matched.

2022-03-13 10:12:25 - [MESSAGE][PASSED] - Actual text and expected text of test object 'Object Repository/Order Detail Page/span_Summary Product' are matched.

2022-03-13 10:12:25 - [TEST_STEP][PASSED] - delay(3): Delayed 3 second(s)

2022-03-13 10:12:28 - [MESSAGE][PASSED] - Delayed 3 second(s)

2022-03-13 10:12:28 - [TEST_STEP][PASSED] - closeBrowser(): Browser is closed

2022-03-13 10:12:28 - [MESSAGE][PASSED] - Browser is closed]]></system-out>
         <system-err><![CDATA[]]></system-err>
      </testcase>
      <testcase name="Test Cases/Login Manual Mode" time="13.425" classname="Test Cases/Login Manual Mode" status="PASSED">
         <system-out><![CDATA[2022-03-13 10:12:28 - [TEST_CASE][PASSED] - Test Cases/Login Manual Mode: Test Cases/Login Manual Mode

2022-03-13 10:12:28 - [TEST_STEP][PASSED] - openBrowser(""): Browser is opened with url: ''

2022-03-13 10:12:28 - [MESSAGE][INFO] - Starting 'Safari' driver

2022-03-13 10:12:28 - [MESSAGE][INFO] - Action delay is set to 0 milliseconds

2022-03-13 10:12:29 - [MESSAGE][PASSED] - Browser is opened with url: ''

2022-03-13 10:12:29 - [TEST_STEP][PASSED] - navigateToUrl(TestAutomationUrl): Navigate to 'http://automationpractice.com/' successfully

2022-03-13 10:12:38 - [MESSAGE][PASSED] - Navigate to 'http://automationpractice.com/' successfully

2022-03-13 10:12:38 - [TEST_STEP][PASSED] - click(findTestObject("Home Page/button_Sign in")): Object: 'Object Repository/Home Page/button_Sign in' is clicked on

2022-03-13 10:12:38 - [MESSAGE][PASSED] - Object: 'Object Repository/Home Page/button_Sign in' is clicked on

2022-03-13 10:12:38 - [TEST_STEP][PASSED] - setText(findTestObject("Login Page/Login Section/input_Email address_email"), EmailAddress): Text 'bayuwira1718@gmail.com' is set on object 'Object Repository/Login Page/Login Section/input_Email address_email'

2022-03-13 10:12:41 - [MESSAGE][PASSED] - Text 'bayuwira1718@gmail.com' is set on object 'Object Repository/Login Page/Login Section/input_Email address_email'

2022-03-13 10:12:41 - [TEST_STEP][PASSED] - setText(findTestObject("Login Page/Login Section/input_Password_passwd"), Password): Text 'vR2@CnMf!n99Nd!' is set on object 'Object Repository/Login Page/Login Section/input_Password_passwd'

2022-03-13 10:12:41 - [MESSAGE][PASSED] - Text 'vR2@CnMf!n99Nd!' is set on object 'Object Repository/Login Page/Login Section/input_Password_passwd'

2022-03-13 10:12:41 - [TEST_STEP][PASSED] - click(findTestObject("Login Page/Login Section/button_Sign in")): Object: 'Object Repository/Login Page/Login Section/button_Sign in' is clicked on

2022-03-13 10:12:41 - [MESSAGE][PASSED] - Object: 'Object Repository/Login Page/Login Section/button_Sign in' is clicked on

2022-03-13 10:12:41 - [TEST_STEP][PASSED] - closeBrowser(): Browser is closed

2022-03-13 10:12:42 - [MESSAGE][PASSED] - Browser is closed]]></system-out>
         <system-err><![CDATA[]]></system-err>
      </testcase>
      <testcase name="Test Cases/Test Click Contact Us" time="13.734" classname="Test Cases/Test Click Contact Us" status="PASSED">
         <system-out><![CDATA[2022-03-13 10:12:42 - [TEST_CASE][PASSED] - Test Cases/Test Click Contact Us: Test Cases/Test Click Contact Us

2022-03-13 10:12:42 - [TEST_STEP][PASSED] - openBrowser(""): Browser is opened with url: ''

2022-03-13 10:12:42 - [MESSAGE][INFO] - Starting 'Safari' driver

2022-03-13 10:12:42 - [MESSAGE][INFO] - Action delay is set to 0 milliseconds

2022-03-13 10:12:43 - [MESSAGE][PASSED] - Browser is opened with url: ''

2022-03-13 10:12:43 - [TEST_STEP][PASSED] - navigateToUrl("http://automationpractice.com/"): Navigate to 'http://automationpractice.com/' successfully

2022-03-13 10:12:50 - [MESSAGE][PASSED] - Navigate to 'http://automationpractice.com/' successfully

2022-03-13 10:12:50 - [TEST_STEP][PASSED] - click(findTestObject("Manual_Object_Locator/button_contanct_us")): Object: 'Object Repository/Manual_Object_Locator/button_contanct_us' is clicked on

2022-03-13 10:12:52 - [MESSAGE][PASSED] - Object: 'Object Repository/Manual_Object_Locator/button_contanct_us' is clicked on

2022-03-13 10:12:52 - [TEST_STEP][PASSED] - delay(3): Delayed 3 second(s)

2022-03-13 10:12:55 - [MESSAGE][PASSED] - Delayed 3 second(s)

2022-03-13 10:12:55 - [TEST_STEP][PASSED] - closeBrowser(): Browser is closed

2022-03-13 10:12:55 - [MESSAGE][PASSED] - Browser is closed]]></system-out>
         <system-err><![CDATA[]]></system-err>
      </testcase>
      <system-out><![CDATA[2022-03-13 10:12:07 - [TEST_SUITE][PASSED] - Functional Test Suites: Test Cases/Test Click Contact Us]]></system-out>
      <system-err><![CDATA[]]></system-err>
   </testsuite>
</testsuites>
