<?xml version="1.0" encoding="UTF-8"?>
<testsuites name="Master Test Suite Collection" time="92.182" tests="5" failures="0" errors="0">
   <testsuite name="Functional Test Suites" tests="3" failures="0" errors="0" time="61.279" skipped="0" timestamp="2022-03-13 10:34:11" hostname="bayuwirab - localhost" id="Test Suites/Functional Test Suites">
      <properties>
         <property name="deviceName" value=""/>
         <property name="devicePlatform" value=""/>
         <property name="logFolder" value="/Users/bayuwirab/Katalon Studio/Udemy-Complete-Katalon/Reports/20220313_103355/Functional Test Suites/20220313_103356"/>
         <property name="logFiles" value="/Users/bayuwirab/Katalon Studio/Udemy-Complete-Katalon/Reports/20220313_103355/Functional Test Suites/20220313_103356/execution0.log"/>
         <property name="attachments" value=""/>
         <property name="hostName" value="bayuwirab - localhost"/>
         <property name="os" value="Mac OS X 64bit"/>
         <property name="katalonVersion" value="8.2.5.208"/>
         <property name="browser" value="Chrome 99.0.4844.51"/>
         <property name="hostAddress" value="127.0.0.1"/>
         <property name="sessionId" value="f891a9e1c6042899bbc6fb60e8235275"/>
         <property name="seleniumVersion" value="3.141.59"/>
         <property name="proxyInformation" value="ProxyInformation { proxyOption=NO_PROXY, proxyServerType=HTTP, username=, password=********, proxyServerAddress=, proxyServerPort=0, executionList=&quot;&quot;, isApplyToDesiredCapabilities=true }"/>
         <property name="platform" value="Mac OS X"/>
      </properties>
      <testcase name="Test Cases/Add Single Product to Cart" time="23.126" classname="Test Cases/Add Single Product to Cart" status="PASSED">
         <system-out><![CDATA[2022-03-13 10:34:11 - [TEST_CASE][PASSED] - Test Cases/Add Single Product to Cart: Test Cases/Add Single Product to Cart

2022-03-13 10:34:11 - [TEST_STEP][PASSED] - openBrowser(""): Browser is opened with url: ''

2022-03-13 10:34:11 - [MESSAGE][INFO] - Starting 'Chrome' driver

2022-03-13 10:34:11 - [MESSAGE][INFO] - Action delay is set to 0 milliseconds

2022-03-13 10:34:14 - [MESSAGE][PASSED] - Browser is opened with url: ''

2022-03-13 10:34:14 - [TEST_STEP][PASSED] - maximizeWindow(): Current window maximized

2022-03-13 10:34:14 - [MESSAGE][PASSED] - Current window maximized

2022-03-13 10:34:14 - [TEST_STEP][PASSED] - navigateToUrl("http://automationpractice.com/"): Navigate to 'http://automationpractice.com/' successfully

2022-03-13 10:34:22 - [MESSAGE][PASSED] - Navigate to 'http://automationpractice.com/' successfully

2022-03-13 10:34:22 - [TEST_STEP][PASSED] - click(findTestObject("Home Page/Product Segment/a_Product Blouses")): Object: 'Object Repository/Home Page/Product Segment/a_Product Blouses' is clicked on

2022-03-13 10:34:25 - [MESSAGE][PASSED] - Object: 'Object Repository/Home Page/Product Segment/a_Product Blouses' is clicked on

2022-03-13 10:34:25 - [TEST_STEP][PASSED] - selectOptionByLabel(findTestObject("Product Detail Page/select_Product Size"), "L", false): All options with label 'L' are selected in object 'Object Repository/Product Detail Page/select_Product Size' 

2022-03-13 10:34:26 - [MESSAGE][PASSED] - All options with label 'L' are selected in object 'Object Repository/Product Detail Page/select_Product Size' 

2022-03-13 10:34:26 - [TEST_STEP][PASSED] - click(findTestObject("Product Detail Page/button_Add to cart")): Object: 'Object Repository/Product Detail Page/button_Add to cart' is clicked on

2022-03-13 10:34:26 - [MESSAGE][PASSED] - Object: 'Object Repository/Product Detail Page/button_Add to cart' is clicked on

2022-03-13 10:34:26 - [TEST_STEP][PASSED] - waitForElementVisible(findTestObject("Product Detail Page/button_Proceed to checkout"), 3): Object 'Object Repository/Product Detail Page/button_Proceed to checkout' is visible

2022-03-13 10:34:28 - [MESSAGE][PASSED] - Object 'Object Repository/Product Detail Page/button_Proceed to checkout' is visible

2022-03-13 10:34:28 - [TEST_STEP][PASSED] - click(findTestObject("Product Detail Page/button_Proceed to checkout")): Object: 'Object Repository/Product Detail Page/button_Proceed to checkout' is clicked on

2022-03-13 10:34:30 - [MESSAGE][PASSED] - Object: 'Object Repository/Product Detail Page/button_Proceed to checkout' is clicked on

2022-03-13 10:34:30 - [TEST_STEP][PASSED] - verifyElementText(findTestObject("Order Detail Page/span_Summary Product"), "1 Product"): Actual text and expected text of test object 'Object Repository/Order Detail Page/span_Summary Product' are matched.

2022-03-13 10:34:31 - [MESSAGE][PASSED] - Actual text and expected text of test object 'Object Repository/Order Detail Page/span_Summary Product' are matched.

2022-03-13 10:34:31 - [TEST_STEP][PASSED] - delay(3): Delayed 3 second(s)

2022-03-13 10:34:34 - [MESSAGE][PASSED] - Delayed 3 second(s)

2022-03-13 10:34:34 - [TEST_STEP][PASSED] - closeBrowser(): Browser is closed

2022-03-13 10:34:34 - [MESSAGE][PASSED] - Browser is closed]]></system-out>
         <system-err><![CDATA[]]></system-err>
      </testcase>
      <testcase name="Test Cases/Login Manual Mode" time="18.939" classname="Test Cases/Login Manual Mode" status="PASSED">
         <system-out><![CDATA[2022-03-13 10:34:34 - [TEST_CASE][PASSED] - Test Cases/Login Manual Mode: Test Cases/Login Manual Mode

2022-03-13 10:34:34 - [TEST_STEP][PASSED] - openBrowser(""): Browser is opened with url: ''

2022-03-13 10:34:34 - [MESSAGE][INFO] - Starting 'Chrome' driver

2022-03-13 10:34:34 - [MESSAGE][INFO] - Action delay is set to 0 milliseconds

2022-03-13 10:34:36 - [MESSAGE][PASSED] - Browser is opened with url: ''

2022-03-13 10:34:36 - [TEST_STEP][PASSED] - navigateToUrl(TestAutomationUrl): Navigate to 'http://automationpractice.com/' successfully

2022-03-13 10:34:45 - [MESSAGE][PASSED] - Navigate to 'http://automationpractice.com/' successfully

2022-03-13 10:34:45 - [TEST_STEP][PASSED] - click(findTestObject("Home Page/button_Sign in")): Object: 'Object Repository/Home Page/button_Sign in' is clicked on

2022-03-13 10:34:49 - [MESSAGE][PASSED] - Object: 'Object Repository/Home Page/button_Sign in' is clicked on

2022-03-13 10:34:49 - [TEST_STEP][PASSED] - setText(findTestObject("Login Page/Login Section/input_Email address_email"), EmailAddress): Text 'bayuwira1718@gmail.com' is set on object 'Object Repository/Login Page/Login Section/input_Email address_email'

2022-03-13 10:34:50 - [MESSAGE][PASSED] - Text 'bayuwira1718@gmail.com' is set on object 'Object Repository/Login Page/Login Section/input_Email address_email'

2022-03-13 10:34:50 - [TEST_STEP][PASSED] - setText(findTestObject("Login Page/Login Section/input_Password_passwd"), Password): Text 'vR2@CnMf!n99Nd!' is set on object 'Object Repository/Login Page/Login Section/input_Password_passwd'

2022-03-13 10:34:50 - [MESSAGE][PASSED] - Text 'vR2@CnMf!n99Nd!' is set on object 'Object Repository/Login Page/Login Section/input_Password_passwd'

2022-03-13 10:34:50 - [TEST_STEP][PASSED] - click(findTestObject("Login Page/Login Section/button_Sign in")): Object: 'Object Repository/Login Page/Login Section/button_Sign in' is clicked on

2022-03-13 10:34:53 - [MESSAGE][PASSED] - Object: 'Object Repository/Login Page/Login Section/button_Sign in' is clicked on

2022-03-13 10:34:53 - [TEST_STEP][PASSED] - closeBrowser(): Browser is closed

2022-03-13 10:34:53 - [MESSAGE][PASSED] - Browser is closed]]></system-out>
         <system-err><![CDATA[]]></system-err>
      </testcase>
      <testcase name="Test Cases/Test Click Contact Us" time="18.943" classname="Test Cases/Test Click Contact Us" status="PASSED">
         <system-out><![CDATA[2022-03-13 10:34:53 - [TEST_CASE][PASSED] - Test Cases/Test Click Contact Us: Test Cases/Test Click Contact Us

2022-03-13 10:34:53 - [TEST_STEP][PASSED] - openBrowser(""): Browser is opened with url: ''

2022-03-13 10:34:53 - [MESSAGE][INFO] - Starting 'Chrome' driver

2022-03-13 10:34:53 - [MESSAGE][INFO] - Action delay is set to 0 milliseconds

2022-03-13 10:34:55 - [MESSAGE][PASSED] - Browser is opened with url: ''

2022-03-13 10:34:55 - [TEST_STEP][PASSED] - navigateToUrl("http://automationpractice.com/"): Navigate to 'http://automationpractice.com/' successfully

2022-03-13 10:35:04 - [MESSAGE][PASSED] - Navigate to 'http://automationpractice.com/' successfully

2022-03-13 10:35:04 - [TEST_STEP][PASSED] - click(findTestObject("Manual_Object_Locator/button_contanct_us")): Object: 'Object Repository/Manual_Object_Locator/button_contanct_us' is clicked on

2022-03-13 10:35:09 - [MESSAGE][PASSED] - Object: 'Object Repository/Manual_Object_Locator/button_contanct_us' is clicked on

2022-03-13 10:35:09 - [TEST_STEP][PASSED] - delay(3): Delayed 3 second(s)

2022-03-13 10:35:12 - [MESSAGE][PASSED] - Delayed 3 second(s)

2022-03-13 10:35:12 - [TEST_STEP][PASSED] - closeBrowser(): Browser is closed

2022-03-13 10:35:12 - [MESSAGE][PASSED] - Browser is closed]]></system-out>
         <system-err><![CDATA[]]></system-err>
      </testcase>
      <system-out><![CDATA[2022-03-13 10:34:11 - [TEST_SUITE][PASSED] - Functional Test Suites: Test Cases/Test Click Contact Us]]></system-out>
      <system-err><![CDATA[]]></system-err>
   </testsuite>
   <testsuite name="Secondary Test Suites" tests="2" failures="0" errors="0" time="22.619" skipped="0" timestamp="2022-03-13 10:34:20" hostname="bayuwirab - localhost" id="Test Suites/Secondary Test Suites">
      <properties>
         <property name="deviceName" value=""/>
         <property name="devicePlatform" value=""/>
         <property name="logFolder" value="/Users/bayuwirab/Katalon Studio/Udemy-Complete-Katalon/Reports/20220313_103355/Secondary Test Suites/20220313_103358"/>
         <property name="logFiles" value="/Users/bayuwirab/Katalon Studio/Udemy-Complete-Katalon/Reports/20220313_103355/Secondary Test Suites/20220313_103358/execution0.log"/>
         <property name="attachments" value=""/>
         <property name="hostName" value="bayuwirab - localhost"/>
         <property name="os" value="Mac OS X 64bit"/>
         <property name="katalonVersion" value="8.2.5.208"/>
         <property name="browser" value="Firefox 97.0"/>
         <property name="hostAddress" value="127.0.0.1"/>
         <property name="sessionId" value="0497984b-71e0-456a-a4c4-7e43eafccca2"/>
         <property name="seleniumVersion" value="3.141.59"/>
         <property name="proxyInformation" value="ProxyInformation { proxyOption=NO_PROXY, proxyServerType=HTTP, username=, password=********, proxyServerAddress=, proxyServerPort=0, executionList=&quot;&quot;, isApplyToDesiredCapabilities=true }"/>
         <property name="platform" value="Mac OS X"/>
      </properties>
      <testcase name="Test Cases/Tests iframe, alerts, and browsers/Multiple windows (Login flow)" time="11.913" classname="Test Cases/Tests iframe, alerts, and browsers/Multiple windows (Login flow)" status="PASSED">
         <system-out><![CDATA[2022-03-13 10:34:20 - [TEST_CASE][PASSED] - Test Cases/Tests iframe, alerts, and browsers/Multiple windows (Login flow): Test Cases/Tests iframe, alerts, and browsers/Multiple windows (Login flow)

2022-03-13 10:34:21 - [TEST_STEP][PASSED] - openBrowser(""): Browser is opened with url: ''

2022-03-13 10:34:21 - [MESSAGE][INFO] - Starting 'Firefox' driver

2022-03-13 10:34:21 - [MESSAGE][INFO] - Action delay is set to 0 milliseconds

2022-03-13 10:34:25 - [MESSAGE][PASSED] - Browser is opened with url: ''

2022-03-13 10:34:25 - [TEST_STEP][PASSED] - maximizeWindow(): Current window maximized

2022-03-13 10:34:26 - [MESSAGE][PASSED] - Current window maximized

2022-03-13 10:34:26 - [TEST_STEP][PASSED] - navigateToUrl("file:///Users/bayuwirab/Documents/CODE/learn-SDET/course-api-framework-python/sample%20sites/learnks1-home.html"): Navigate to 'file:/Users/bayuwirab/Documents/CODE/learn-SDET/course-api-framework-python/sample%20sites/learnks1-home.html' successfully

2022-03-13 10:34:26 - [MESSAGE][PASSED] - Navigate to 'file:/Users/bayuwirab/Documents/CODE/learn-SDET/course-api-framework-python/sample%20sites/learnks1-home.html' successfully

2022-03-13 10:34:26 - [TEST_STEP][PASSED] - click(findTestObject("Sample Sites handling alerts and iframe/Home Page/a_LOGIN")): Object: 'Object Repository/Sample Sites handling alerts and iframe/Home Page/a_LOGIN' is clicked on

2022-03-13 10:34:26 - [MESSAGE][PASSED] - Object: 'Object Repository/Sample Sites handling alerts and iframe/Home Page/a_LOGIN' is clicked on

2022-03-13 10:34:27 - [TEST_STEP][PASSED] - switchToWindowTitle("LearnKS Log in"): Switched to window with title: 'LearnKS Log in'

2022-03-13 10:34:27 - [MESSAGE][PASSED] - Switched to window with title: 'LearnKS Log in'

2022-03-13 10:34:27 - [TEST_STEP][PASSED] - setText(findTestObject("Sample Sites handling alerts and iframe/Login Page/input_Log in_userName"), "adminTest"): Text 'adminTest' is set on object 'Object Repository/Sample Sites handling alerts and iframe/Login Page/input_Log in_userName'

2022-03-13 10:34:28 - [MESSAGE][PASSED] - Text 'adminTest' is set on object 'Object Repository/Sample Sites handling alerts and iframe/Login Page/input_Log in_userName'

2022-03-13 10:34:28 - [TEST_STEP][PASSED] - setEncryptedText(findTestObject("Sample Sites handling alerts and iframe/Login Page/input_Log in_password"), "MDqz8hE2zEXL0RLtB/SuEw=="): Text ****** has been set on object 'Object Repository/Sample Sites handling alerts and iframe/Login Page/input_Log in_password'

2022-03-13 10:34:28 - [MESSAGE][PASSED] - Text ****** has been set on object 'Object Repository/Sample Sites handling alerts and iframe/Login Page/input_Log in_password'

2022-03-13 10:34:28 - [TEST_STEP][PASSED] - click(findTestObject("Sample Sites handling alerts and iframe/Login Page/button_Login")): Object: 'Object Repository/Sample Sites handling alerts and iframe/Login Page/button_Login' is clicked on

2022-03-13 10:34:28 - [MESSAGE][PASSED] - Object: 'Object Repository/Sample Sites handling alerts and iframe/Login Page/button_Login' is clicked on

2022-03-13 10:34:28 - [TEST_STEP][PASSED] - switchToWindowTitle("Page Submitted"): Switched to window with title: 'Page Submitted'

2022-03-13 10:34:28 - [MESSAGE][PASSED] - Switched to window with title: 'Page Submitted'

2022-03-13 10:34:28 - [TEST_STEP][PASSED] - verifyElementText(findTestObject("Sample Sites handling alerts and iframe/Page Submitted Page/h1_Page Submitted"), "Page Submitted"): Actual text and expected text of test object 'Object Repository/Sample Sites handling alerts and iframe/Page Submitted Page/h1_Page Submitted' are matched.

2022-03-13 10:34:29 - [MESSAGE][PASSED] - Actual text and expected text of test object 'Object Repository/Sample Sites handling alerts and iframe/Page Submitted Page/h1_Page Submitted' are matched.

2022-03-13 10:34:29 - [TEST_STEP][PASSED] - closeWindowIndex("1"): Window with index 1 is closed

2022-03-13 10:34:29 - [MESSAGE][PASSED] - Window with index 1 is closed

2022-03-13 10:34:29 - [TEST_STEP][PASSED] - delay(3): Delayed 3 second(s)

2022-03-13 10:34:32 - [MESSAGE][PASSED] - Delayed 3 second(s)

2022-03-13 10:34:32 - [TEST_STEP][PASSED] - closeBrowser(): Browser is closed

2022-03-13 10:34:32 - [MESSAGE][PASSED] - Browser is closed]]></system-out>
         <system-err><![CDATA[]]></system-err>
      </testcase>
      <testcase name="Test Cases/Tests iframe, alerts, and browsers/Handling Alerts" time="10.394" classname="Test Cases/Tests iframe, alerts, and browsers/Handling Alerts" status="PASSED">
         <system-out><![CDATA[2022-03-13 10:34:32 - [TEST_CASE][PASSED] - Test Cases/Tests iframe, alerts, and browsers/Handling Alerts: Test Cases/Tests iframe, alerts, and browsers/Handling Alerts

2022-03-13 10:34:33 - [TEST_STEP][PASSED] - openBrowser("file:///Users/bayuwirab/Documents/CODE/learn-SDET/course-api-framework-python/sample%20sites/learnks1-home.html"): Browser is opened with url: 'file:///Users/bayuwirab/Documents/CODE/learn-SDET/course-api-framework-python/sample%20sites/learnks1-home.html'

2022-03-13 10:34:33 - [MESSAGE][INFO] - Starting 'Firefox' driver

2022-03-13 10:34:33 - [MESSAGE][INFO] - Action delay is set to 0 milliseconds

2022-03-13 10:34:36 - [MESSAGE][PASSED] - Browser is opened with url: 'file:///Users/bayuwirab/Documents/CODE/learn-SDET/course-api-framework-python/sample%20sites/learnks1-home.html'

2022-03-13 10:34:36 - [TEST_STEP][PASSED] - delay(1): Delayed 1 second(s)

2022-03-13 10:34:37 - [MESSAGE][PASSED] - Delayed 1 second(s)

2022-03-13 10:34:37 - [TEST_STEP][PASSED] - click(findTestObject("Sample Sites handling alerts and iframe/Home Page/button_Open an ALERT box")): Object: 'Object Repository/Sample Sites handling alerts and iframe/Home Page/button_Open an ALERT box' is clicked on

2022-03-13 10:34:37 - [MESSAGE][PASSED] - Object: 'Object Repository/Sample Sites handling alerts and iframe/Home Page/button_Open an ALERT box' is clicked on

2022-03-13 10:34:37 - [TEST_STEP][PASSED] - if (waitForAlert(5)): Alert accepted

2022-03-13 10:34:37 - [MESSAGE][PASSED] - Alert is present after 5 second(s).

2022-03-13 10:34:37 - [TEST_STEP][PASSED] - println(getAlertText()): Get alert text successfully: 'I am an ALERT box!'

2022-03-13 10:34:37 - [MESSAGE][PASSED] - Get alert text successfully: 'I am an ALERT box!'

2022-03-13 10:34:38 - [TEST_STEP][PASSED] - acceptAlert(): Alert accepted

2022-03-13 10:34:38 - [MESSAGE][PASSED] - Alert accepted

2022-03-13 10:34:38 - [TEST_STEP][PASSED] - click(findTestObject("Object Repository/Sample Sites handling alerts and iframe/Home Page/button_Open a CONFIRM box")): Object: 'Object Repository/Sample Sites handling alerts and iframe/Home Page/button_Open a CONFIRM box' is clicked on

2022-03-13 10:34:38 - [MESSAGE][PASSED] - Object: 'Object Repository/Sample Sites handling alerts and iframe/Home Page/button_Open a CONFIRM box' is clicked on

2022-03-13 10:34:38 - [TEST_STEP][PASSED] - if (waitForAlert(3)): Alert dismissed

2022-03-13 10:34:38 - [MESSAGE][PASSED] - Alert is present after 3 second(s).

2022-03-13 10:34:38 - [TEST_STEP][PASSED] - println(getAlertText()): Get alert text successfully: 'I am a CONFIRM box
Press a button!'

2022-03-13 10:34:38 - [MESSAGE][PASSED] - Get alert text successfully: 'I am a CONFIRM box
Press a button!'

2022-03-13 10:34:38 - [TEST_STEP][PASSED] - dismissAlert(): Alert dismissed

2022-03-13 10:34:38 - [MESSAGE][PASSED] - Alert dismissed

2022-03-13 10:34:38 - [TEST_STEP][PASSED] - verifyElementText(findTestObject("Object Repository/Sample Sites handling alerts and iframe/Home Page/span_Confirmation Alert"), "You pressed Cancel!"): Actual text and expected text of test object 'Object Repository/Sample Sites handling alerts and iframe/Home Page/span_Confirmation Alert' are matched.

2022-03-13 10:34:38 - [MESSAGE][PASSED] - Actual text and expected text of test object 'Object Repository/Sample Sites handling alerts and iframe/Home Page/span_Confirmation Alert' are matched.

2022-03-13 10:34:38 - [TEST_STEP][PASSED] - click(findTestObject("Sample Sites handling alerts and iframe/Home Page/button_Open a PROMPT box")): Object: 'Object Repository/Sample Sites handling alerts and iframe/Home Page/button_Open a PROMPT box' is clicked on

2022-03-13 10:34:39 - [MESSAGE][PASSED] - Object: 'Object Repository/Sample Sites handling alerts and iframe/Home Page/button_Open a PROMPT box' is clicked on

2022-03-13 10:34:39 - [TEST_STEP][PASSED] - setAlertText("Test Prompt"): Set alert text 'Test Prompt' successfully

2022-03-13 10:34:39 - [MESSAGE][PASSED] - Set alert text 'Test Prompt' successfully

2022-03-13 10:34:39 - [TEST_STEP][PASSED] - if (waitForAlert(3)): Alert accepted

2022-03-13 10:34:39 - [MESSAGE][PASSED] - Alert is present after 3 second(s).

2022-03-13 10:34:39 - [TEST_STEP][PASSED] - println(getAlertText()): Get alert text successfully: 'Please enter your name:'

2022-03-13 10:34:39 - [MESSAGE][PASSED] - Get alert text successfully: 'Please enter your name:'

2022-03-13 10:34:39 - [TEST_STEP][PASSED] - acceptAlert(): Alert accepted

2022-03-13 10:34:39 - [MESSAGE][PASSED] - Alert accepted

2022-03-13 10:34:39 - [TEST_STEP][PASSED] - verifyElementText(findTestObject("Sample Sites handling alerts and iframe/Home Page/span_ppromptButtonResponse"), "Hello Test Prompt, how are you today?"): Actual text and expected text of test object 'Object Repository/Sample Sites handling alerts and iframe/Home Page/span_ppromptButtonResponse' are matched.

2022-03-13 10:34:39 - [MESSAGE][PASSED] - Actual text and expected text of test object 'Object Repository/Sample Sites handling alerts and iframe/Home Page/span_ppromptButtonResponse' are matched.

2022-03-13 10:34:39 - [TEST_STEP][PASSED] - delay(3): Delayed 3 second(s)

2022-03-13 10:34:42 - [MESSAGE][PASSED] - Delayed 3 second(s)

2022-03-13 10:34:42 - [TEST_STEP][PASSED] - closeBrowser(): Browser is closed

2022-03-13 10:34:43 - [MESSAGE][PASSED] - Browser is closed]]></system-out>
         <system-err><![CDATA[]]></system-err>
      </testcase>
      <system-out><![CDATA[2022-03-13 10:34:20 - [TEST_SUITE][PASSED] - Secondary Test Suites: Test Cases/Tests iframe, alerts, and browsers/Handling Alerts]]></system-out>
      <system-err><![CDATA[]]></system-err>
   </testsuite>
</testsuites>
